[2024-09-24 01:08:53.261] [error] Python path "/var/home/iaacornus/.var/app/org.jupyter.JupyterLab/config/jupyterlab-desktop/jlab_server/bin/python" does not exist.
[2024-09-24 01:08:54.258] [error] Failed to create free server Error: No default environment found!
    at /app/JupyterLab/resources/app.asar/build/out/main/registry.js:282:32
[2024-09-24 01:09:11.873] [error] Python path "/var/home/iaacornus/.var/app/org.jupyter.JupyterLab/config/jupyterlab-desktop/jlab_server/bin/python" does not exist.
[2024-09-24 01:09:12.930] [error] Failed to create free server Error: No default environment found!
    at /app/JupyterLab/resources/app.asar/build/out/main/registry.js:282:32
[2024-09-24 01:09:58.901] [error] Python path "/var/home/iaacornus/.var/app/org.jupyter.JupyterLab/config/jupyterlab-desktop/jlab_server/bin/python" does not exist.
[2024-09-24 01:09:59.897] [error] Failed to create free server Error: No default environment found!
    at /app/JupyterLab/resources/app.asar/build/out/main/registry.js:282:32
[2024-09-24 01:11:28.740] [warn]  Language pack 'en_US' not installed!
[2024-09-24 01:13:10.132] [warn]  CSS validation failed: invalid value.
key: 'code-font-size', val: '14', prop: 'font-size'
[2024-09-24 01:13:14.118] [warn]  CSS validation failed: invalid value.
key: 'code-font-size', val: '14', prop: 'font-size'
[2024-09-24 01:13:17.333] [warn]  CSS validation failed: invalid value.
key: 'code-font-size', val: '14', prop: 'font-size'
[2024-09-24 01:13:17.333] [warn]  CSS validation failed: invalid value.
key: 'content-font-size1', val: '14', prop: 'font-size'
[2024-09-24 01:13:21.232] [warn]  CSS validation failed: invalid value.
key: 'code-font-size', val: '14', prop: 'font-size'
[2024-09-24 01:13:21.233] [warn]  CSS validation failed: invalid value.
key: 'content-font-size1', val: '14', prop: 'font-size'
[2024-09-24 01:13:22.383] [warn]  CSS validation failed: invalid value.
key: 'code-font-size', val: '14', prop: 'font-size'
[2024-09-24 01:13:22.383] [warn]  CSS validation failed: invalid value.
key: 'content-font-size1', val: '14', prop: 'font-size'
[2024-09-24 01:13:22.384] [warn]  CSS validation failed: invalid value.
key: 'ui-font-size1', val: '14', prop: 'font-size'
[2024-09-24 01:13:27.304] [warn]  CSS validation failed: invalid value.
key: 'ui-font-family', val: 'Noto Sans"', prop: 'font-family'
[2024-09-24 01:13:27.304] [warn]  CSS validation failed: invalid value.
key: 'code-font-size', val: '14', prop: 'font-size'
[2024-09-24 01:13:27.304] [warn]  CSS validation failed: invalid value.
key: 'content-font-size1', val: '14', prop: 'font-size'
[2024-09-24 01:13:27.304] [warn]  CSS validation failed: invalid value.
key: 'ui-font-size1', val: '14', prop: 'font-size'
[2024-09-24 01:13:28.455] [warn]  CSS validation failed: invalid value.
key: 'code-font-size', val: '14', prop: 'font-size'
[2024-09-24 01:13:28.455] [warn]  CSS validation failed: invalid value.
key: 'content-font-size1', val: '14', prop: 'font-size'
[2024-09-24 01:13:28.455] [warn]  CSS validation failed: invalid value.
key: 'ui-font-size1', val: '14', prop: 'font-size'
[2024-09-24 01:13:29.924] [warn]  CSS validation failed: invalid value.
key: 'code-font-size', val: '14', prop: 'font-size'
[2024-09-24 01:13:29.925] [warn]  CSS validation failed: invalid value.
key: 'content-font-size1', val: '14', prop: 'font-size'
[2024-09-24 01:13:29.925] [warn]  CSS validation failed: invalid value.
key: 'ui-font-size1', val: '14', prop: 'font-size'
[2024-09-24 01:13:31.049] [warn]  CSS validation failed: invalid value.
key: 'content-font-family', val: '"Noto" Sans', prop: 'font-family'
[2024-09-24 01:13:31.049] [warn]  CSS validation failed: invalid value.
key: 'code-font-size', val: '14', prop: 'font-size'
[2024-09-24 01:13:31.049] [warn]  CSS validation failed: invalid value.
key: 'content-font-size1', val: '14', prop: 'font-size'
[2024-09-24 01:13:31.049] [warn]  CSS validation failed: invalid value.
key: 'ui-font-size1', val: '14', prop: 'font-size'
[2024-09-24 01:13:32.110] [warn]  CSS validation failed: invalid value.
key: 'code-font-size', val: '14', prop: 'font-size'
[2024-09-24 01:13:32.111] [warn]  CSS validation failed: invalid value.
key: 'content-font-size1', val: '14', prop: 'font-size'
[2024-09-24 01:13:32.111] [warn]  CSS validation failed: invalid value.
key: 'ui-font-size1', val: '14', prop: 'font-size'
[2024-09-24 01:13:34.909] [warn]  CSS validation failed: invalid value.
key: 'code-font-family', val: 'IBM Plex Mono Medium"', prop: 'font-family'
[2024-09-24 01:13:34.909] [warn]  CSS validation failed: invalid value.
key: 'code-font-size', val: '14', prop: 'font-size'
[2024-09-24 01:13:34.909] [warn]  CSS validation failed: invalid value.
key: 'content-font-size1', val: '14', prop: 'font-size'
[2024-09-24 01:13:34.909] [warn]  CSS validation failed: invalid value.
key: 'ui-font-size1', val: '14', prop: 'font-size'
[2024-09-24 01:13:36.283] [warn]  CSS validation failed: invalid value.
key: 'code-font-family', val: 'IBM Plex Mono Medium"', prop: 'font-family'
[2024-09-24 01:13:36.284] [warn]  CSS validation failed: invalid value.
key: 'code-font-size', val: '14', prop: 'font-size'
[2024-09-24 01:13:36.284] [warn]  CSS validation failed: invalid value.
key: 'content-font-size1', val: '14', prop: 'font-size'
[2024-09-24 01:13:36.284] [warn]  CSS validation failed: invalid value.
key: 'ui-font-size1', val: '14', prop: 'font-size'
[2024-09-24 01:13:38.090] [warn]  CSS validation failed: invalid value.
key: 'code-font-size', val: '14', prop: 'font-size'
[2024-09-24 01:13:38.090] [warn]  CSS validation failed: invalid value.
key: 'content-font-size1', val: '14', prop: 'font-size'
[2024-09-24 01:13:38.090] [warn]  CSS validation failed: invalid value.
key: 'ui-font-size1', val: '14', prop: 'font-size'
[2024-09-24 01:16:02.297] [warn]  task queue exceeded allotted deadline by 53ms
[2024-09-24 01:16:50.757] [warn]  CSS validation failed: invalid value.
key: 'code-font-size', val: '18', prop: 'font-size'
[2024-09-24 01:16:50.758] [warn]  CSS validation failed: invalid value.
key: 'content-font-size1', val: '14', prop: 'font-size'
[2024-09-24 01:16:50.758] [warn]  CSS validation failed: invalid value.
key: 'ui-font-size1', val: '14', prop: 'font-size'
[2024-09-24 01:16:53.882] [warn]  CSS validation failed: invalid value.
key: 'code-font-size', val: '18', prop: 'font-size'
[2024-09-24 01:16:53.882] [warn]  CSS validation failed: invalid value.
key: 'content-font-size1', val: '1', prop: 'font-size'
[2024-09-24 01:16:53.883] [warn]  CSS validation failed: invalid value.
key: 'ui-font-size1', val: '14', prop: 'font-size'
[2024-09-24 01:16:54.680] [warn]  CSS validation failed: invalid value.
key: 'code-font-size', val: '18', prop: 'font-size'
[2024-09-24 01:16:54.680] [warn]  CSS validation failed: invalid value.
key: 'content-font-size1', val: '16', prop: 'font-size'
[2024-09-24 01:16:54.681] [warn]  CSS validation failed: invalid value.
key: 'ui-font-size1', val: '14', prop: 'font-size'
[2024-09-24 01:16:57.977] [warn]  CSS validation failed: invalid value.
key: 'code-font-size', val: '18', prop: 'font-size'
[2024-09-24 01:16:57.977] [warn]  CSS validation failed: invalid value.
key: 'content-font-size1', val: '16', prop: 'font-size'
[2024-09-24 01:16:57.977] [warn]  CSS validation failed: invalid value.
key: 'ui-font-size1', val: '16', prop: 'font-size'
[2024-09-24 01:18:31.050] [error] ResizeObserver loop completed with undelivered notifications.
[2024-09-24 01:18:35.939] [error] ResizeObserver loop completed with undelivered notifications.
[2024-09-24 01:19:10.456] [error] ResizeObserver loop completed with undelivered notifications.
[2024-09-24 01:19:10.487] [error] ResizeObserver loop completed with undelivered notifications.
[2024-09-24 01:19:28.864] [warn]  CSS validation failed: invalid value.
key: 'ui-font-size1', val: '1', prop: 'font-size'
[2024-09-24 01:19:29.464] [warn]  CSS validation failed: invalid value.
key: 'ui-font-size1', val: '18', prop: 'font-size'
[2024-09-24 01:19:59.265] [warn]  CSS validation failed: invalid value.
key: 'ui-font-size1', val: '18', prop: 'font-size'
[2024-09-24 01:19:59.266] [warn]  CSS validation failed: invalid value.
key: 'code-font-size', val: '18', prop: 'font-size'
[2024-09-24 01:20:05.569] [warn]  CSS validation failed: invalid value.
key: 'ui-font-size1', val: '18', prop: 'font-size'
[2024-09-24 01:20:05.570] [warn]  CSS validation failed: invalid value.
key: 'code-font-size', val: '18', prop: 'font-size'
[2024-09-24 01:20:05.570] [warn]  CSS validation failed: invalid value.
key: 'content-font-size1', val: '1', prop: 'font-size'
[2024-09-24 01:20:07.895] [warn]  CSS validation failed: invalid value.
key: 'ui-font-size1', val: '18', prop: 'font-size'
[2024-09-24 01:20:07.896] [warn]  CSS validation failed: invalid value.
key: 'code-font-size', val: '18', prop: 'font-size'
[2024-09-24 01:20:07.896] [warn]  CSS validation failed: invalid value.
key: 'content-font-size1', val: '18', prop: 'font-size'
[2024-09-24 01:20:25.117] [warn]  CSS validation failed: invalid value.
key: 'ui-font-size1', val: '18', prop: 'font-size'
[2024-09-24 01:20:25.118] [warn]  CSS validation failed: invalid value.
key: 'code-font-size', val: '16', prop: 'font-size'
[2024-09-24 01:20:25.118] [warn]  CSS validation failed: invalid value.
key: 'content-font-size1', val: '18', prop: 'font-size'
[2024-09-24 01:20:28.080] [warn]  CSS validation failed: invalid value.
key: 'ui-font-size1', val: '18', prop: 'font-size'
[2024-09-24 01:20:28.081] [warn]  CSS validation failed: invalid value.
key: 'code-font-size', val: '16', prop: 'font-size'
[2024-09-24 01:20:28.081] [warn]  CSS validation failed: invalid value.
key: 'content-font-size1', val: '16', prop: 'font-size'
[2024-09-24 01:23:25.165] [warn]  Language pack 'en_US' not installed!
[2024-09-24 01:25:03.301] [warn]  CSS validation failed: invalid value.
key: 'code-font-size', val: '1', prop: 'font-size'
[2024-09-24 01:25:04.136] [warn]  CSS validation failed: invalid value.
key: 'code-font-size', val: '16', prop: 'font-size'
[2024-09-24 01:25:05.896] [warn]  CSS validation failed: invalid value.
key: 'code-font-size', val: '16', prop: 'font-size'
[2024-09-24 01:25:05.896] [warn]  CSS validation failed: invalid value.
key: 'content-font-size1', val: '16', prop: 'font-size'
[2024-09-24 01:25:08.259] [warn]  CSS validation failed: invalid value.
key: 'ui-font-size1', val: '16', prop: 'font-size'
[2024-09-24 01:25:08.260] [warn]  CSS validation failed: invalid value.
key: 'code-font-size', val: '16', prop: 'font-size'
[2024-09-24 01:25:08.260] [warn]  CSS validation failed: invalid value.
key: 'content-font-size1', val: '16', prop: 'font-size'
[2024-09-24 01:27:46.647] [warn]  Language pack 'en_US' not installed!
[2024-09-24 01:27:46.790] [warn]  CSS validation failed: invalid value.
key: 'ui-font-size1', val: '16', prop: 'font-size'
[2024-09-24 01:27:46.791] [warn]  CSS validation failed: invalid value.
key: 'code-font-size', val: '16', prop: 'font-size'
[2024-09-24 01:27:46.792] [warn]  CSS validation failed: invalid value.
key: 'content-font-size1', val: '16', prop: 'font-size'
[2024-09-24 01:28:21.726] [warn]  Language pack 'en_US' not installed!
[2024-09-24 01:28:21.870] [warn]  CSS validation failed: invalid value.
key: 'ui-font-size1', val: '16', prop: 'font-size'
[2024-09-24 01:28:21.871] [warn]  CSS validation failed: invalid value.
key: 'code-font-size', val: '16', prop: 'font-size'
[2024-09-24 01:28:21.871] [warn]  CSS validation failed: invalid value.
key: 'content-font-size1', val: '16', prop: 'font-size'
